The HCMV genome (NC_006273.2) has 169 CDS.

sample	condition	min_tpm	med_tpm	mean_tpm	max_tpm
SRR5660030	2dpi	0.0	1877.01	5917.160178698225	76933.3
SRR5660033	6dpi	0.0	1980.99	5917.1598857988165	177497.0
SRR5660044	2dpi	0.0	1906.83	5917.161822485207	222794.0
SRR5660045	6dpi	0.0	1087.21	5917.163998816568	400458.0

target_id	test_stat	pval	qval
YP081530.1	15.1793495744618	9.77667579815603e-05	0.00841669520168401
YP081547.1	15.0290239040048	0.000105870379895396	0.00841669520168401
YP081552.1	14.0644068170814	0.000176655372457297	0.00936273474023674
YP081551.1	12.4653534207486	0.000414570073502669	0.0164791604217311
YP081577.1	11.8474954422521	0.000577389493276231	0.0176780827638727
YP081489.1	11.5787506470706	0.000667097462787647	0.0176780827638727
YP081574.1	11.0341336172115	0.000894494702797347	0.018779406038213
YP081521.1	10.8637485389882	0.000980649966953317	0.018779406038213
YP081576.1	10.714511405403	0.00106298524744602	0.018779406038213
YP081490.1	10.2058327778214	0.0013999715910755	0.0222595482981004
YP081522.1	9.39336357285332	0.00217772296177603	0.031477995538399
YP081561.1	8.95071799498783	0.0027736055052364	0.0367502729443823
YP081613.1	8.62847181982163	0.00330949087285038	0.0404776191371701
YP081600.1	8.39486730593993	0.00376281979240885	0.042734881928072
YP081520.1	8.24736528032804	0.00408111943506433	0.0432598660116819
YP081533.1	8.03338764990763	0.00459228698952296	0.0456358519583844
YP081601.1	7.86874282184583	0.00502966093930839	0.0470421229029432
YP081595.1	7.68055224934831	0.00558190834135452	0.0493068570152982

Donor 1 (2dpi) had 2259287 read pairs before Bowtie2 filtering and 1562296 read pairs after.
Donor 1 (6dpi) had 2004530 read pairs before Bowtie2 filtering and 1249472 read pairs after.
Donor 3 (2dpi) had 2730258 read pairs before Bowtie2 filtering and 1922300 read pairs after.
Donor 3 (6dpi) had 2476889 read pairs before Bowtie2 filtering and 1274769 read pairs after.

spades.py -k 77 --only-assembler --pe-1 1 SRR5660030_mapped_1.fq --pe-2 1 SRR5660030_mapped_2.fq --pe-1 2 SRR5660033_mapped_1.fq --pe-2 2 SRR5660033_mapped_2.fq -o donor_1_assembly/
spades.py -k 77 --only-assembler --pe-1 1 SRR5660044_mapped_1.fq --pe-2 1 SRR5660044_mapped_2.fq --pe-1 2 SRR5660045_mapped_1.fq --pe-2 2 SRR5660045_mapped_2.fq -o donor_3_assembly/

Donor1:
sacc	pident	length	qstart	qend	sstart	send	bitscore	evalue	stitle
NC_006273.2	99.305	3595	1	3595	71122	67528	6501	0.0	NC_006273.2 Human herpesvirus 5 strain Merlin, complete genome

Donor3:
sacc	pident	length	qstart	qend	sstart	send	bitscore	evalue	stitle
NC_006273.2	98.962	38259	1	38244	51612	89861	68430	0.0	NC_006273.2 Human herpesvirus 5 strain Merlin, complete genome
NC_003521.1	89.722	1401	34425	35822	84006	85403	1784	0.0	NC_003521.1 Panine herpesvirus 2 strain Heberling, complete genome
NC_075417.1	83.816	1347	34485	35821	142857	141522	1260	0.0	NC_075417.1 Mandrillus leucophaeus cytomegalovirus isolate OCOM6-2, complete genome
NC_055235.1	83.705	1344	34485	35820	128658	127324	1253	0.0	NC_055235.1 Papiine betaherpesvirus 3, complete genome, *** SEQUENCING IN PROGRESS ***, 22 unordered pieces
NC_027016.1	83.605	1348	34485	35821	144757	143422	1243	0.0	NC_027016.1 Papio ursinus cytomegalovirus isolate OCOM4-52, complete genome
NC_016154.1	85.348	1208	34486	35688	75360	76562	1242	0.0	NC_016154.1 Cynomolgus macaque cytomegalovirus strain Ottawa, complete genome
NC_012783.2	85.311	1205	34486	35688	80600	81802	1242	0.0	NC_012783.2 Cercopithecine herpesvirus 5 strain 2715, complete genome
NC_033176.1	85.182	1208	34486	35688	80341	81543	1230	0.0	NC_033176.1 Cynomolgus cytomegalovirus isolate 31908, complete genome
NC_006150.1	83.824	1292	34486	35772	81325	82611	1219	0.0	NC_006150.1 Macacine herpesvirus 3, complete genome
NC_016447.1	77.632	1216	34485	35688	78422	79625	717	0.0	NC_016447.1 Aotine herpesvirus 1 strain S34E, complete genome
